

<!DOCTYPE html>
<html>
<head>
	<meta charset='utf-8' /> 
	<meta name='description' content='' />
	<meta name='robots' content='noodp, noydir' />
	<meta name='viewport' content='width=device-width, initial-scale=1' />
	<meta id="timeStampFormat" name="timeStampFormat" content='MMM d, yyyy hh:mm:ss a'/>
	
	<link href='https://fonts.googleapis.com/css?family=Source+Sans+Pro:400,600' rel='stylesheet' type='text/css' />
	<link href="https://fonts.googleapis.com/icon?family=Material+Icons" rel="stylesheet" />
	<link href='https://cdn.rawgit.com/extent-framework/extent-github-cdn/b65cd69/v3html/css/extent.css' type='text/css' rel='stylesheet' />
	
	<title>test-results/extent.html</title>

	<style type='text/css'>
		/* json-tree */
		.jstBracket,.jstComma,.jstValue{white-space:pre-wrap}.jstValue{font-size:10px;font-weight:400;font-family:"Lucida Console",Monaco,monospace}.jstProperty{color:#666;word-wrap:break-word}.jstBool{color:#2525CC}.jstNum{color:#D036D0}.jstNull{color:gray}.jstStr{color:#2DB669}.jstFold:after{content:' -';cursor:pointer}.jstExpand{white-space:normal}.jstExpand:after{content:' +';cursor:pointer}.jstFolded{white-space:normal!important}.jstHiddenBlock{display:none}
	</style>
	
	<script type="text/javascript">
		/*! json-tree - v0.2.2 - 2017-09-25, MIT LICENSE */
		var JSONTree=function(){var n={"&":"&amp;","<":"&lt;",">":"&gt;",'"':"&quot;","'":"&#x27;","/":"&#x2F;"},t=0,r=0;this.create=function(n,t){return r+=1,N(u(n,0,!1),{class:"jstValue"})};var e=function(t){return t.replace(/[&<>'"]/g,function(t){return n[t]})},s=function(){return r+"_"+t++},u=function(n,t,r){if(null===n)return f(r?t:0);switch(typeof n){case"boolean":return l(n,r?t:0);case"number":return i(n,r?t:0);case"string":return o(n,r?t:0);default:return n instanceof Array?a(n,t,r):c(n,t,r)}},c=function(n,t,r){var e=s(),u=Object.keys(n).map(function(r){return j(r,n[r],t+1,!0)}).join(m()),c=[g("{",r?t:0,e),N(u,{id:e}),p("}",t)].join("\n");return N(c,{})},a=function(n,t,r){var e=s(),c=n.map(function(n){return u(n,t+1,!0)}).join(m());return[g("[",r?t:0,e),N(c,{id:e}),p("]",t)].join("\n")},o=function(n,t){var r=e(JSON.stringify(n));return N(v(r,t),{class:"jstStr"})},i=function(n,t){return N(v(n,t),{class:"jstNum"})},l=function(n,t){return N(v(n,t),{class:"jstBool"})},f=function(n){return N(v("null",n),{class:"jstNull"})},j=function(n,t,r){var s=v(e(JSON.stringify(n))+": ",r),c=N(u(t,r,!1),{});return N(s+c,{class:"jstProperty"})},m=function(){return N(",\n",{class:"jstComma"})},N=function(n,t){return d("span",t,n)},d=function(n,t,r){return"<"+n+Object.keys(t).map(function(n){return" "+n+'="'+t[n]+'"'}).join("")+">"+r+"</"+n+">"},g=function(n,t,r){return N(v(n,t),{class:"jstBracket"})+N("",{class:"jstFold",onclick:"JSONTree.toggle('"+r+"')"})};this.toggle=function(n){var t=document.getElementById(n),r=t.parentNode,e=t.previousElementSibling;""===t.className?(t.className="jstHiddenBlock",r.className="jstFolded",e.className="jstExpand"):(t.className="",r.className="",e.className="jstFold")};var p=function(n,t){return N(v(n,t),{})},v=function(n,t){return Array(2*t+1).join(" ")+n};return this}();
	</script>
</head>
	<body class='extent standard default hide-overflow '>
		<div id='theme-selector' alt='Click to toggle theme. To enable by default, use theme configuration.' title='Click to toggle theme. To enable by default, use theme configuration.'>
			<span><i class='material-icons'>desktop_windows</i></span>
		</div>
<nav>
	<div class="nav-wrapper">
		<a href="#!" class="brand-logo black"><img src="https://cdn.rawgit.com/extent-framework/extent-github-cdn/d74480e/commons/img/logo.png"></a>
		<!-- slideout menu -->
		<ul id='slide-out' class='side-nav fixed hide-on-med-and-down'>
			<li class='waves-effect active'><a href='#!' view='test-view' onclick="configureView(0);chartsView('test');"><i class='material-icons'>dashboard</i></a></li>
						<li class='waves-effect'><a href='#!' view='exception-view' onclick="configureView(2)"><i class='material-icons'>bug_report</i></a></li>
			<li class='waves-effect'><a href='#!' onclick="configureView(-1);chartsView('dashboard');" view='dashboard-view'><i class='material-icons'>track_changes</i></a></li>
		</ul>
		<!-- report name -->
		<span class='report-name'>test-results/extent.html</span>
		<!-- report headline -->
		<span class='report-headline'></span>
		<!-- nav-right -->
		<ul id='nav-mobile' class='right hide-on-med-and-down nav-right'>
			<a href='#!'>
			<span class='label blue darken-3 suite-start-time'>Apr 12, 2021 01:19:39 PM</span>
			</a>
		</ul>
	</div>
</nav>		<!-- container -->
		<div class='container'>
<div id='test-view' class='view'>
	<section id='controls'>
		<div class='controls grey lighten-4'>
			<!-- test toggle -->
			<div class='chip transparent'>
				<a class='dropdown-button tests-toggle' data-activates='tests-toggle' data-constrainwidth='true' data-beloworigin='true' data-hover='true' href='#'>
				<i class='material-icons'>warning</i> Status
				</a>
				<ul id='tests-toggle' class='dropdown-content'>
										<li status='pass'><a href='#!'>Pass <i class='material-icons green-text'>check_circle</i></a></li>
					<li status='fail'><a href='#!'>Fail <i class='material-icons red-text'>cancel</i></a></li>
					<li class='divider'></li>
					<li status='clear' clear='true'><a href='#!'>Clear Filters <i class='material-icons'>clear</i></a></li>
				</ul>
			</div>
			<!-- test toggle -->
			<!-- category toggle -->
			<!-- category toggle -->
			<!-- clear filters -->
			<div class='chip transparent hide'>
				<a class='' id='clear-filters' alt='Clear Filters' title='Clear Filters'>
				<i class='material-icons'>close</i> Clear
				</a>
			</div>
			<!-- clear filters -->
			<!-- enable dashboard -->
			<div id='toggle-test-view-charts' class='chip transparent'>
				<a class='pink-text' id='enable-dashboard' alt='Enable Dashboard' title='Enable Dashboard'>
				<i class='material-icons'>track_changes</i> Dashboard
				</a>
			</div>
			<!-- enable dashboard -->
			<!-- search -->
			<div class='chip transparent' alt='Search Tests' title='Search Tests'>
				<a href="#" class='search-div'>
				<i class='material-icons'>search</i> Search
				</a>
				<div class='input-field left hide'>
					<input id='search-tests' type='text' class='validate browser-default' placeholder='Search Tests...'>
				</div>
			</div>
			<!-- search -->
		</div>
	</section>
<div id='test-view-charts' class='subview-full'>
    <div id='charts-row' class='row nm-v nm-h'>
        <div class='col s12 m6 l6 np-h'>
            <div class='card-panel nm-v'>
                <div class='left panel-name'>Tests</div>
                <div class='chart-box' style="max-height:94px;">
                    <canvas id='parent-analysis' width='90' height='70'></canvas>
                </div>
                <div class='block text-small'>
                    <span class='tooltipped' data-position='top' data-tooltip='0%'><span class='strong'>0</span> test(s) passed</span>
                </div>
                <div class='block text-small'>
                    <span class='strong tooltipped' data-position='top' data-tooltip='100%'>4</span> test(s) failed, <span class='strong tooltipped' data-position='top' data-tooltip='0%'>0</span> others
                </div>
            </div>
        </div>
        <div class='col s12 m6 l6 np-h'>
            <div class='card-panel nm-v'>
                <div class='left panel-name'>Steps</div>
                <div class='chart-box' style="max-height:94px;">
                    <canvas id='child-analysis' width='90' height='70'></canvas>
                </div>
                <div class='block text-small'>
                    <span class='tooltipped' data-position='top' data-tooltip='80%'><span class='strong'>16</span> step(s) passed</span>
                </div>
                <div class='block text-small'>
                    <span class='strong tooltipped' data-position='top' data-tooltip='20%'>4</span> step(s) failed, <span class='strong tooltipped' data-position='top' data-tooltip='0%'>0</span> others
                </div>
            </div>
        </div>
    </div>
    <div id="timeline-chart" class="row nm-v nm-h">
        <div class="col s12 m12 l12 np-h">
            <div class="card-panel">
                <div class='left panel-name'>Timeline (seconds)</div>
                <div class="chart-box" style="width:98%;max-height:145px;">
                    <canvas id="timeline" height="120"></canvas>
                </div>
            </div>
        </div>
    </div>
</div>	<div class='subview-left left'>
		<div class='view-summary'>
			<ul id='test-collection' class='test-collection'>
				<li class='test displayed active has-leaf fail' status='fail' bdd='false' test-id='1'>
					<div class='test-heading'>
						<span class='test-name'>LoginTestChrome</span>
						<span class='test-time'>Apr 12, 2021 01:19:43 PM</span>
						<span class='test-status right fail'>fail</span>
					</div>
					<div class='test-content hide'>
<div class='test-time-info'>
	<span class='label start-time'>Apr 12, 2021 01:19:43 PM</span>
	<span class='label end-time'>Apr 12, 2021 01:20:27 PM</span>
	<span class='label time-taken grey lighten-1 white-text'>0h 0m 43s+443ms</span>
</div>
<ul class='collapsible node-list' data-collapsible='accordion'>
	<li class='node level-1 leaf pass' status='pass' test-id='4'>
		<div class='collapsible-header'>
			<div class='node-name'>login</div>
			<span class='node-time'>Apr 12, 2021 01:19:43 PM</span>
			&middot; <span class='node-duration'>0h 0m 12s+753ms</span>
			<span class='test-status right pass'>pass</span>
		</div>
		<div class='collapsible-body'>
			<div class='node-steps'>
				<table class='bordered table-results'>
					<thead>
						<tr>
							<th>Status</th>
							<th>Timestamp</th>
							<th>Details</th>
						</tr>
					</thead>
					<tbody>
						<tr class='log' status='pass'>
							<td class='status pass' title='pass' alt='pass'><i class='material-icons'>check_circle</i></td>
							<td class='timestamp'>1:19:56 PM</td>
							<td class='step-details'>
									Test passed
								
							</td>
						</tr>
					</tbody>
				</table>
			</div>
		</div>
	</li>
	<li class='node level-1 leaf pass' status='pass' test-id='5'>
		<div class='collapsible-header'>
			<div class='node-name'>login</div>
			<span class='node-time'>Apr 12, 2021 01:19:56 PM</span>
			&middot; <span class='node-duration'>0h 0m 5s+741ms</span>
			<span class='test-status right pass'>pass</span>
		</div>
		<div class='collapsible-body'>
			<div class='node-steps'>
				<table class='bordered table-results'>
					<thead>
						<tr>
							<th>Status</th>
							<th>Timestamp</th>
							<th>Details</th>
						</tr>
					</thead>
					<tbody>
						<tr class='log' status='pass'>
							<td class='status pass' title='pass' alt='pass'><i class='material-icons'>check_circle</i></td>
							<td class='timestamp'>1:20:02 PM</td>
							<td class='step-details'>
									Test passed
								
							</td>
						</tr>
					</tbody>
				</table>
			</div>
		</div>
	</li>
	<li class='node level-1 leaf pass' status='pass' test-id='6'>
		<div class='collapsible-header'>
			<div class='node-name'>login</div>
			<span class='node-time'>Apr 12, 2021 01:20:02 PM</span>
			&middot; <span class='node-duration'>0h 0m 4s+513ms</span>
			<span class='test-status right pass'>pass</span>
		</div>
		<div class='collapsible-body'>
			<div class='node-steps'>
				<table class='bordered table-results'>
					<thead>
						<tr>
							<th>Status</th>
							<th>Timestamp</th>
							<th>Details</th>
						</tr>
					</thead>
					<tbody>
						<tr class='log' status='pass'>
							<td class='status pass' title='pass' alt='pass'><i class='material-icons'>check_circle</i></td>
							<td class='timestamp'>1:20:06 PM</td>
							<td class='step-details'>
									Test passed
								
							</td>
						</tr>
					</tbody>
				</table>
			</div>
		</div>
	</li>
	<li class='node level-1 leaf fail' status='fail' test-id='7'>
		<div class='collapsible-header'>
			<div class='node-name'>login</div>
			<span class='node-time'>Apr 12, 2021 01:20:06 PM</span>
			&middot; <span class='node-duration'>0h 0m 3s+433ms</span>
			<span class='test-status right fail'>fail</span>
		</div>
		<div class='collapsible-body'>
			<div class='node-steps'>
				<table class='bordered table-results'>
					<thead>
						<tr>
							<th>Status</th>
							<th>Timestamp</th>
							<th>Details</th>
						</tr>
					</thead>
					<tbody>
						<tr class='log' status='fail'>
							<td class='status fail' title='fail' alt='fail'><i class='material-icons'>cancel</i></td>
							<td class='timestamp'>1:20:10 PM</td>
							<td class='step-details'>
									<textarea disabled class="code-block">java.lang.AssertionError: expected [Lütfen kullanıcı adınızı/e-postanızı girini.] but found [Lütfen kullanıcı adınızı/e-postanızı giriniz.]
	at org.testng.Assert.fail(Assert.java:97)
	at org.testng.Assert.assertEqualsImpl(Assert.java:136)
	at org.testng.Assert.assertEquals(Assert.java:118)
	at org.testng.Assert.assertEquals(Assert.java:575)
	at org.testng.Assert.assertEquals(Assert.java:585)
	at page.Page.warningAssertion(Page.java:60)
	at page.LoginPage.unLoginWarningAssertion(LoginPage.java:61)
	at LoginTest.login(LoginTest.java:48)
	at sun.reflect.NativeMethodAccessorImpl.invoke0(Native Method)
	at sun.reflect.NativeMethodAccessorImpl.invoke(NativeMethodAccessorImpl.java:62)
	at sun.reflect.DelegatingMethodAccessorImpl.invoke(DelegatingMethodAccessorImpl.java:43)
	at java.lang.reflect.Method.invoke(Method.java:498)
	at org.testng.internal.MethodInvocationHelper.invokeMethod(MethodInvocationHelper.java:134)
	at org.testng.internal.TestInvoker.invokeMethod(TestInvoker.java:597)
	at org.testng.internal.TestInvoker.invokeTestMethod(TestInvoker.java:173)
	at org.testng.internal.MethodRunner.runInSequence(MethodRunner.java:46)
	at org.testng.internal.TestInvoker$MethodInvocationAgent.invoke(TestInvoker.java:816)
	at org.testng.internal.TestInvoker.invokeTestMethods(TestInvoker.java:146)
	at org.testng.internal.TestMethodWorker.invokeTestMethods(TestMethodWorker.java:146)
	at org.testng.internal.TestMethodWorker.run(TestMethodWorker.java:128)
	at java.util.ArrayList.forEach(ArrayList.java:1259)
	at org.testng.TestRunner.privateRun(TestRunner.java:766)
	at org.testng.TestRunner.run(TestRunner.java:587)
	at org.testng.SuiteRunner.runTest(SuiteRunner.java:384)
	at org.testng.SuiteRunner.access$000(SuiteRunner.java:28)
	at org.testng.SuiteRunner$SuiteWorker.run(SuiteRunner.java:425)
	at org.testng.internal.thread.ThreadUtil.lambda$execute$0(ThreadUtil.java:68)
	at java.util.concurrent.FutureTask.run(FutureTask.java:266)
	at java.util.concurrent.ThreadPoolExecutor.runWorker(ThreadPoolExecutor.java:1149)
	at java.util.concurrent.ThreadPoolExecutor$Worker.run(ThreadPoolExecutor.java:624)
	at java.lang.Thread.run(Thread.java:748)
</textarea>
								
							</td>
						</tr>
					</tbody>
				</table>
			</div>
		</div>
	</li>
	<li class='node level-1 leaf pass' status='pass' test-id='8'>
		<div class='collapsible-header'>
			<div class='node-name'>login</div>
			<span class='node-time'>Apr 12, 2021 01:20:10 PM</span>
			&middot; <span class='node-duration'>0h 0m 3s+746ms</span>
			<span class='test-status right pass'>pass</span>
		</div>
		<div class='collapsible-body'>
			<div class='node-steps'>
				<table class='bordered table-results'>
					<thead>
						<tr>
							<th>Status</th>
							<th>Timestamp</th>
							<th>Details</th>
						</tr>
					</thead>
					<tbody>
						<tr class='log' status='pass'>
							<td class='status pass' title='pass' alt='pass'><i class='material-icons'>check_circle</i></td>
							<td class='timestamp'>1:20:14 PM</td>
							<td class='step-details'>
									Test passed
								
							</td>
						</tr>
					</tbody>
				</table>
			</div>
		</div>
	</li>
	<li class='node level-1 leaf pass' status='pass' test-id='9'>
		<div class='collapsible-header'>
			<div class='node-name'>login</div>
			<span class='node-time'>Apr 12, 2021 01:20:14 PM</span>
			&middot; <span class='node-duration'>0h 0m 3s+795ms</span>
			<span class='test-status right pass'>pass</span>
		</div>
		<div class='collapsible-body'>
			<div class='node-steps'>
				<table class='bordered table-results'>
					<thead>
						<tr>
							<th>Status</th>
							<th>Timestamp</th>
							<th>Details</th>
						</tr>
					</thead>
					<tbody>
						<tr class='log' status='pass'>
							<td class='status pass' title='pass' alt='pass'><i class='material-icons'>check_circle</i></td>
							<td class='timestamp'>1:20:18 PM</td>
							<td class='step-details'>
									Test passed
								
							</td>
						</tr>
					</tbody>
				</table>
			</div>
		</div>
	</li>
	<li class='node level-1 leaf pass' status='pass' test-id='12'>
		<div class='collapsible-header'>
			<div class='node-name'>login</div>
			<span class='node-time'>Apr 12, 2021 01:20:18 PM</span>
			&middot; <span class='node-duration'>0h 0m 8s+752ms</span>
			<span class='test-status right pass'>pass</span>
		</div>
		<div class='collapsible-body'>
			<div class='node-steps'>
				<table class='bordered table-results'>
					<thead>
						<tr>
							<th>Status</th>
							<th>Timestamp</th>
							<th>Details</th>
						</tr>
					</thead>
					<tbody>
						<tr class='log' status='pass'>
							<td class='status pass' title='pass' alt='pass'><i class='material-icons'>check_circle</i></td>
							<td class='timestamp'>1:20:27 PM</td>
							<td class='step-details'>
									Test passed
								
							</td>
						</tr>
					</tbody>
				</table>
			</div>
		</div>
	</li>
</ul>
					</div>
				</li>
				<li class='test displayed active has-leaf fail' status='fail' bdd='false' test-id='2'>
					<div class='test-heading'>
						<span class='test-name'>FavoriTestChrome</span>
						<span class='test-time'>Apr 12, 2021 01:19:43 PM</span>
						<span class='test-status right fail'>fail</span>
					</div>
					<div class='test-content hide'>
<div class='test-time-info'>
	<span class='label start-time'>Apr 12, 2021 01:19:43 PM</span>
	<span class='label end-time'>Apr 12, 2021 01:20:51 PM</span>
	<span class='label time-taken grey lighten-1 white-text'>0h 1m 7s+744ms</span>
</div>
<ul class='collapsible node-list' data-collapsible='accordion'>
	<li class='node level-1 leaf pass' status='pass' test-id='3'>
		<div class='collapsible-header'>
			<div class='node-name'>addFavorites</div>
			<span class='node-time'>Apr 12, 2021 01:19:43 PM</span>
			&middot; <span class='node-duration'>0h 0m 30s+980ms</span>
			<span class='test-status right pass'>pass</span>
		</div>
		<div class='collapsible-body'>
			<div class='node-steps'>
				<table class='bordered table-results'>
					<thead>
						<tr>
							<th>Status</th>
							<th>Timestamp</th>
							<th>Details</th>
						</tr>
					</thead>
					<tbody>
						<tr class='log' status='pass'>
							<td class='status pass' title='pass' alt='pass'><i class='material-icons'>check_circle</i></td>
							<td class='timestamp'>1:20:14 PM</td>
							<td class='step-details'>
									Test passed
								
							</td>
						</tr>
					</tbody>
				</table>
			</div>
		</div>
	</li>
	<li class='node level-1 leaf pass' status='pass' test-id='10'>
		<div class='collapsible-header'>
			<div class='node-name'>deleteWoSelection</div>
			<span class='node-time'>Apr 12, 2021 01:20:14 PM</span>
			&middot; <span class='node-duration'>0h 0m 0s+459ms</span>
			<span class='test-status right pass'>pass</span>
		</div>
		<div class='collapsible-body'>
			<div class='node-steps'>
				<table class='bordered table-results'>
					<thead>
						<tr>
							<th>Status</th>
							<th>Timestamp</th>
							<th>Details</th>
						</tr>
					</thead>
					<tbody>
						<tr class='log' status='pass'>
							<td class='status pass' title='pass' alt='pass'><i class='material-icons'>check_circle</i></td>
							<td class='timestamp'>1:20:15 PM</td>
							<td class='step-details'>
									Test passed
								
							</td>
						</tr>
					</tbody>
				</table>
			</div>
		</div>
	</li>
	<li class='node level-1 leaf fail' status='fail' test-id='11'>
		<div class='collapsible-header'>
			<div class='node-name'>deleteFavorite</div>
			<span class='node-time'>Apr 12, 2021 01:20:15 PM</span>
			&middot; <span class='node-duration'>0h 0m 36s+294ms</span>
			<span class='test-status right fail'>fail</span>
		</div>
		<div class='collapsible-body'>
			<div class='node-steps'>
				<table class='bordered table-results'>
					<thead>
						<tr>
							<th>Status</th>
							<th>Timestamp</th>
							<th>Details</th>
						</tr>
					</thead>
					<tbody>
						<tr class='log' status='fail'>
							<td class='status fail' title='fail' alt='fail'><i class='material-icons'>cancel</i></td>
							<td class='timestamp'>1:20:51 PM</td>
							<td class='step-details'>
									<textarea disabled class="code-block">org.openqa.selenium.TimeoutException: Expected condition failed: waiting for visibility of element located by By.xpath: //p[text()='Henüz favori restoranınız bulunmamaktadır.'] (tried for 15 second(s) with 500 milliseconds interval)
	at org.openqa.selenium.support.ui.WebDriverWait.timeoutException(WebDriverWait.java:95)
	at org.openqa.selenium.support.ui.FluentWait.until(FluentWait.java:272)
	at page.Page.getText(Page.java:71)
	at page.FavoritesPage.checkNoFavoritesMessage(FavoritesPage.java:75)
	at FavoriteTest.deleteFavorite(FavoriteTest.java:49)
	at sun.reflect.NativeMethodAccessorImpl.invoke0(Native Method)
	at sun.reflect.NativeMethodAccessorImpl.invoke(NativeMethodAccessorImpl.java:62)
	at sun.reflect.DelegatingMethodAccessorImpl.invoke(DelegatingMethodAccessorImpl.java:43)
	at java.lang.reflect.Method.invoke(Method.java:498)
	at org.testng.internal.MethodInvocationHelper.invokeMethod(MethodInvocationHelper.java:134)
	at org.testng.internal.TestInvoker.invokeMethod(TestInvoker.java:597)
	at org.testng.internal.TestInvoker.invokeTestMethod(TestInvoker.java:173)
	at org.testng.internal.MethodRunner.runInSequence(MethodRunner.java:46)
	at org.testng.internal.TestInvoker$MethodInvocationAgent.invoke(TestInvoker.java:816)
	at org.testng.internal.TestInvoker.invokeTestMethods(TestInvoker.java:146)
	at org.testng.internal.TestMethodWorker.invokeTestMethods(TestMethodWorker.java:146)
	at org.testng.internal.TestMethodWorker.run(TestMethodWorker.java:128)
	at java.util.ArrayList.forEach(ArrayList.java:1259)
	at org.testng.TestRunner.privateRun(TestRunner.java:766)
	at org.testng.TestRunner.run(TestRunner.java:587)
	at org.testng.SuiteRunner.runTest(SuiteRunner.java:384)
	at org.testng.SuiteRunner.access$000(SuiteRunner.java:28)
	at org.testng.SuiteRunner$SuiteWorker.run(SuiteRunner.java:425)
	at org.testng.internal.thread.ThreadUtil.lambda$execute$0(ThreadUtil.java:68)
	at java.util.concurrent.FutureTask.run(FutureTask.java:266)
	at java.util.concurrent.ThreadPoolExecutor.runWorker(ThreadPoolExecutor.java:1149)
	at java.util.concurrent.ThreadPoolExecutor$Worker.run(ThreadPoolExecutor.java:624)
	at java.lang.Thread.run(Thread.java:748)
Caused by: org.openqa.selenium.NoSuchElementException: no such element: Unable to locate element: {"method":"xpath","selector":"//p[text()='Henüz favori restoranınız bulunmamaktadır.']"}
  (Session info: chrome=89.0.4389.114)
For documentation on this error, please visit: https://www.seleniumhq.org/exceptions/no_such_element.html
Build info: version: '3.141.59', revision: 'e82be7d358', time: '2018-11-14T08:17:03'
System info: host: 'DESKTOP-6CI9B68', ip: '192.168.1.28', os.name: 'Windows 10', os.arch: 'amd64', os.version: '10.0', java.version: '1.8.0_281'
Driver info: org.openqa.selenium.chrome.ChromeDriver
Capabilities {acceptInsecureCerts: false, browserName: chrome, browserVersion: 89.0.4389.114, chrome: {chromedriverVersion: 89.0.4389.23 (61b08ee2c5002..., userDataDir: C:\Users\batur\AppData\Loca...}, goog:chromeOptions: {debuggerAddress: localhost:63755}, javascriptEnabled: true, networkConnectionEnabled: false, pageLoadStrategy: normal, platform: WINDOWS, platformName: WINDOWS, proxy: Proxy(), setWindowRect: true, strictFileInteractability: false, timeouts: {implicit: 0, pageLoad: 300000, script: 30000}, unhandledPromptBehavior: dismiss and notify, webauthn:extension:largeBlob: true, webauthn:virtualAuthenticators: true}
Session ID: b346bbb80254861633023be471063860
*** Element info: {Using=xpath, value=//p[text()='Henüz favori restoranınız bulunmamaktadır.']}
	at sun.reflect.GeneratedConstructorAccessor14.newInstance(Unknown Source)
	at sun.reflect.DelegatingConstructorAccessorImpl.newInstance(DelegatingConstructorAccessorImpl.java:45)
	at java.lang.reflect.Constructor.newInstance(Constructor.java:423)
	at org.openqa.selenium.remote.http.W3CHttpResponseCodec.createException(W3CHttpResponseCodec.java:187)
	at org.openqa.selenium.remote.http.W3CHttpResponseCodec.decode(W3CHttpResponseCodec.java:122)
	at org.openqa.selenium.remote.http.W3CHttpResponseCodec.decode(W3CHttpResponseCodec.java:49)
	at org.openqa.selenium.remote.HttpCommandExecutor.execute(HttpCommandExecutor.java:158)
	at org.openqa.selenium.remote.service.DriverCommandExecutor.execute(DriverCommandExecutor.java:83)
	at org.openqa.selenium.remote.RemoteWebDriver.execute(RemoteWebDriver.java:552)
	at org.openqa.selenium.remote.RemoteWebDriver.findElement(RemoteWebDriver.java:323)
	at org.openqa.selenium.remote.RemoteWebDriver.findElementByXPath(RemoteWebDriver.java:428)
	at org.openqa.selenium.By$ByXPath.findElement(By.java:353)
	at org.openqa.selenium.remote.RemoteWebDriver.findElement(RemoteWebDriver.java:315)
	at org.openqa.selenium.support.ui.ExpectedConditions$7.apply(ExpectedConditions.java:205)
	at org.openqa.selenium.support.ui.ExpectedConditions$7.apply(ExpectedConditions.java:201)
	at org.openqa.selenium.support.ui.FluentWait.until(FluentWait.java:249)
	... 26 more
</textarea>
								
							</td>
						</tr>
					</tbody>
				</table>
			</div>
		</div>
	</li>
</ul>
					</div>
				</li>
				<li class='test displayed active has-leaf fail' status='fail' bdd='false' test-id='13'>
					<div class='test-heading'>
						<span class='test-name'>LoginTestFirefox</span>
						<span class='test-time'>Apr 12, 2021 01:20:33 PM</span>
						<span class='test-status right fail'>fail</span>
					</div>
					<div class='test-content hide'>
<div class='test-time-info'>
	<span class='label start-time'>Apr 12, 2021 01:20:33 PM</span>
	<span class='label end-time'>Apr 12, 2021 01:21:22 PM</span>
	<span class='label time-taken grey lighten-1 white-text'>0h 0m 48s+742ms</span>
</div>
<ul class='collapsible node-list' data-collapsible='accordion'>
	<li class='node level-1 leaf pass' status='pass' test-id='14'>
		<div class='collapsible-header'>
			<div class='node-name'>login</div>
			<span class='node-time'>Apr 12, 2021 01:20:33 PM</span>
			&middot; <span class='node-duration'>0h 0m 14s+246ms</span>
			<span class='test-status right pass'>pass</span>
		</div>
		<div class='collapsible-body'>
			<div class='node-steps'>
				<table class='bordered table-results'>
					<thead>
						<tr>
							<th>Status</th>
							<th>Timestamp</th>
							<th>Details</th>
						</tr>
					</thead>
					<tbody>
						<tr class='log' status='pass'>
							<td class='status pass' title='pass' alt='pass'><i class='material-icons'>check_circle</i></td>
							<td class='timestamp'>1:20:47 PM</td>
							<td class='step-details'>
									Test passed
								
							</td>
						</tr>
					</tbody>
				</table>
			</div>
		</div>
	</li>
	<li class='node level-1 leaf pass' status='pass' test-id='15'>
		<div class='collapsible-header'>
			<div class='node-name'>login</div>
			<span class='node-time'>Apr 12, 2021 01:20:47 PM</span>
			&middot; <span class='node-duration'>0h 0m 5s+409ms</span>
			<span class='test-status right pass'>pass</span>
		</div>
		<div class='collapsible-body'>
			<div class='node-steps'>
				<table class='bordered table-results'>
					<thead>
						<tr>
							<th>Status</th>
							<th>Timestamp</th>
							<th>Details</th>
						</tr>
					</thead>
					<tbody>
						<tr class='log' status='pass'>
							<td class='status pass' title='pass' alt='pass'><i class='material-icons'>check_circle</i></td>
							<td class='timestamp'>1:20:53 PM</td>
							<td class='step-details'>
									Test passed
								
							</td>
						</tr>
					</tbody>
				</table>
			</div>
		</div>
	</li>
	<li class='node level-1 leaf pass' status='pass' test-id='16'>
		<div class='collapsible-header'>
			<div class='node-name'>login</div>
			<span class='node-time'>Apr 12, 2021 01:20:53 PM</span>
			&middot; <span class='node-duration'>0h 0m 5s+985ms</span>
			<span class='test-status right pass'>pass</span>
		</div>
		<div class='collapsible-body'>
			<div class='node-steps'>
				<table class='bordered table-results'>
					<thead>
						<tr>
							<th>Status</th>
							<th>Timestamp</th>
							<th>Details</th>
						</tr>
					</thead>
					<tbody>
						<tr class='log' status='pass'>
							<td class='status pass' title='pass' alt='pass'><i class='material-icons'>check_circle</i></td>
							<td class='timestamp'>1:20:59 PM</td>
							<td class='step-details'>
									Test passed
								
							</td>
						</tr>
					</tbody>
				</table>
			</div>
		</div>
	</li>
	<li class='node level-1 leaf fail' status='fail' test-id='18'>
		<div class='collapsible-header'>
			<div class='node-name'>login</div>
			<span class='node-time'>Apr 12, 2021 01:20:59 PM</span>
			&middot; <span class='node-duration'>0h 0m 6s+489ms</span>
			<span class='test-status right fail'>fail</span>
		</div>
		<div class='collapsible-body'>
			<div class='node-steps'>
				<table class='bordered table-results'>
					<thead>
						<tr>
							<th>Status</th>
							<th>Timestamp</th>
							<th>Details</th>
						</tr>
					</thead>
					<tbody>
						<tr class='log' status='fail'>
							<td class='status fail' title='fail' alt='fail'><i class='material-icons'>cancel</i></td>
							<td class='timestamp'>1:21:05 PM</td>
							<td class='step-details'>
									<textarea disabled class="code-block">java.lang.AssertionError: expected [Lütfen kullanıcı adınızı/e-postanızı girini.] but found [Lütfen kullanıcı adınızı/e-postanızı giriniz.]
	at org.testng.Assert.fail(Assert.java:97)
	at org.testng.Assert.assertEqualsImpl(Assert.java:136)
	at org.testng.Assert.assertEquals(Assert.java:118)
	at org.testng.Assert.assertEquals(Assert.java:575)
	at org.testng.Assert.assertEquals(Assert.java:585)
	at page.Page.warningAssertion(Page.java:60)
	at page.LoginPage.unLoginWarningAssertion(LoginPage.java:61)
	at LoginTest.login(LoginTest.java:48)
	at sun.reflect.NativeMethodAccessorImpl.invoke0(Native Method)
	at sun.reflect.NativeMethodAccessorImpl.invoke(NativeMethodAccessorImpl.java:62)
	at sun.reflect.DelegatingMethodAccessorImpl.invoke(DelegatingMethodAccessorImpl.java:43)
	at java.lang.reflect.Method.invoke(Method.java:498)
	at org.testng.internal.MethodInvocationHelper.invokeMethod(MethodInvocationHelper.java:134)
	at org.testng.internal.TestInvoker.invokeMethod(TestInvoker.java:597)
	at org.testng.internal.TestInvoker.invokeTestMethod(TestInvoker.java:173)
	at org.testng.internal.MethodRunner.runInSequence(MethodRunner.java:46)
	at org.testng.internal.TestInvoker$MethodInvocationAgent.invoke(TestInvoker.java:816)
	at org.testng.internal.TestInvoker.invokeTestMethods(TestInvoker.java:146)
	at org.testng.internal.TestMethodWorker.invokeTestMethods(TestMethodWorker.java:146)
	at org.testng.internal.TestMethodWorker.run(TestMethodWorker.java:128)
	at java.util.ArrayList.forEach(ArrayList.java:1259)
	at org.testng.TestRunner.privateRun(TestRunner.java:766)
	at org.testng.TestRunner.run(TestRunner.java:587)
	at org.testng.SuiteRunner.runTest(SuiteRunner.java:384)
	at org.testng.SuiteRunner.access$000(SuiteRunner.java:28)
	at org.testng.SuiteRunner$SuiteWorker.run(SuiteRunner.java:425)
	at org.testng.internal.thread.ThreadUtil.lambda$execute$0(ThreadUtil.java:68)
	at java.util.concurrent.FutureTask.run(FutureTask.java:266)
	at java.util.concurrent.ThreadPoolExecutor.runWorker(ThreadPoolExecutor.java:1149)
	at java.util.concurrent.ThreadPoolExecutor$Worker.run(ThreadPoolExecutor.java:624)
	at java.lang.Thread.run(Thread.java:748)
</textarea>
								
							</td>
						</tr>
					</tbody>
				</table>
			</div>
		</div>
	</li>
	<li class='node level-1 leaf pass' status='pass' test-id='20'>
		<div class='collapsible-header'>
			<div class='node-name'>login</div>
			<span class='node-time'>Apr 12, 2021 01:21:05 PM</span>
			&middot; <span class='node-duration'>0h 0m 5s+210ms</span>
			<span class='test-status right pass'>pass</span>
		</div>
		<div class='collapsible-body'>
			<div class='node-steps'>
				<table class='bordered table-results'>
					<thead>
						<tr>
							<th>Status</th>
							<th>Timestamp</th>
							<th>Details</th>
						</tr>
					</thead>
					<tbody>
						<tr class='log' status='pass'>
							<td class='status pass' title='pass' alt='pass'><i class='material-icons'>check_circle</i></td>
							<td class='timestamp'>1:21:11 PM</td>
							<td class='step-details'>
									Test passed
								
							</td>
						</tr>
					</tbody>
				</table>
			</div>
		</div>
	</li>
	<li class='node level-1 leaf pass' status='pass' test-id='21'>
		<div class='collapsible-header'>
			<div class='node-name'>login</div>
			<span class='node-time'>Apr 12, 2021 01:21:11 PM</span>
			&middot; <span class='node-duration'>0h 0m 3s+851ms</span>
			<span class='test-status right pass'>pass</span>
		</div>
		<div class='collapsible-body'>
			<div class='node-steps'>
				<table class='bordered table-results'>
					<thead>
						<tr>
							<th>Status</th>
							<th>Timestamp</th>
							<th>Details</th>
						</tr>
					</thead>
					<tbody>
						<tr class='log' status='pass'>
							<td class='status pass' title='pass' alt='pass'><i class='material-icons'>check_circle</i></td>
							<td class='timestamp'>1:21:15 PM</td>
							<td class='step-details'>
									Test passed
								
							</td>
						</tr>
					</tbody>
				</table>
			</div>
		</div>
	</li>
	<li class='node level-1 leaf pass' status='pass' test-id='22'>
		<div class='collapsible-header'>
			<div class='node-name'>login</div>
			<span class='node-time'>Apr 12, 2021 01:21:15 PM</span>
			&middot; <span class='node-duration'>0h 0m 7s+238ms</span>
			<span class='test-status right pass'>pass</span>
		</div>
		<div class='collapsible-body'>
			<div class='node-steps'>
				<table class='bordered table-results'>
					<thead>
						<tr>
							<th>Status</th>
							<th>Timestamp</th>
							<th>Details</th>
						</tr>
					</thead>
					<tbody>
						<tr class='log' status='pass'>
							<td class='status pass' title='pass' alt='pass'><i class='material-icons'>check_circle</i></td>
							<td class='timestamp'>1:21:22 PM</td>
							<td class='step-details'>
									Test passed
								
							</td>
						</tr>
					</tbody>
				</table>
			</div>
		</div>
	</li>
</ul>
					</div>
				</li>
				<li class='test displayed active has-leaf fail' status='fail' bdd='false' test-id='17'>
					<div class='test-heading'>
						<span class='test-name'>FavoriTestFirefox</span>
						<span class='test-time'>Apr 12, 2021 01:21:01 PM</span>
						<span class='test-status right fail'>fail</span>
					</div>
					<div class='test-content hide'>
<div class='test-time-info'>
	<span class='label start-time'>Apr 12, 2021 01:21:01 PM</span>
	<span class='label end-time'>Apr 12, 2021 01:22:21 PM</span>
	<span class='label time-taken grey lighten-1 white-text'>0h 1m 20s+847ms</span>
</div>
<ul class='collapsible node-list' data-collapsible='accordion'>
	<li class='node level-1 leaf pass' status='pass' test-id='19'>
		<div class='collapsible-header'>
			<div class='node-name'>addFavorites</div>
			<span class='node-time'>Apr 12, 2021 01:21:01 PM</span>
			&middot; <span class='node-duration'>0h 0m 39s+42ms</span>
			<span class='test-status right pass'>pass</span>
		</div>
		<div class='collapsible-body'>
			<div class='node-steps'>
				<table class='bordered table-results'>
					<thead>
						<tr>
							<th>Status</th>
							<th>Timestamp</th>
							<th>Details</th>
						</tr>
					</thead>
					<tbody>
						<tr class='log' status='pass'>
							<td class='status pass' title='pass' alt='pass'><i class='material-icons'>check_circle</i></td>
							<td class='timestamp'>1:21:40 PM</td>
							<td class='step-details'>
									Test passed
								
							</td>
						</tr>
					</tbody>
				</table>
			</div>
		</div>
	</li>
	<li class='node level-1 leaf pass' status='pass' test-id='23'>
		<div class='collapsible-header'>
			<div class='node-name'>deleteWoSelection</div>
			<span class='node-time'>Apr 12, 2021 01:21:40 PM</span>
			&middot; <span class='node-duration'>0h 0m 0s+783ms</span>
			<span class='test-status right pass'>pass</span>
		</div>
		<div class='collapsible-body'>
			<div class='node-steps'>
				<table class='bordered table-results'>
					<thead>
						<tr>
							<th>Status</th>
							<th>Timestamp</th>
							<th>Details</th>
						</tr>
					</thead>
					<tbody>
						<tr class='log' status='pass'>
							<td class='status pass' title='pass' alt='pass'><i class='material-icons'>check_circle</i></td>
							<td class='timestamp'>1:21:40 PM</td>
							<td class='step-details'>
									Test passed
								
							</td>
						</tr>
					</tbody>
				</table>
			</div>
		</div>
	</li>
	<li class='node level-1 leaf fail' status='fail' test-id='24'>
		<div class='collapsible-header'>
			<div class='node-name'>deleteFavorite</div>
			<span class='node-time'>Apr 12, 2021 01:21:40 PM</span>
			&middot; <span class='node-duration'>0h 0m 41s+13ms</span>
			<span class='test-status right fail'>fail</span>
		</div>
		<div class='collapsible-body'>
			<div class='node-steps'>
				<table class='bordered table-results'>
					<thead>
						<tr>
							<th>Status</th>
							<th>Timestamp</th>
							<th>Details</th>
						</tr>
					</thead>
					<tbody>
						<tr class='log' status='fail'>
							<td class='status fail' title='fail' alt='fail'><i class='material-icons'>cancel</i></td>
							<td class='timestamp'>1:22:21 PM</td>
							<td class='step-details'>
									<textarea disabled class="code-block">org.openqa.selenium.TimeoutException: Expected condition failed: waiting for visibility of element located by By.xpath: //p[text()='Henüz favori restoranınız bulunmamaktadır.'] (tried for 15 second(s) with 500 milliseconds interval)
	at org.openqa.selenium.support.ui.WebDriverWait.timeoutException(WebDriverWait.java:95)
	at org.openqa.selenium.support.ui.FluentWait.until(FluentWait.java:272)
	at page.Page.getText(Page.java:71)
	at page.FavoritesPage.checkNoFavoritesMessage(FavoritesPage.java:75)
	at FavoriteTest.deleteFavorite(FavoriteTest.java:49)
	at sun.reflect.NativeMethodAccessorImpl.invoke0(Native Method)
	at sun.reflect.NativeMethodAccessorImpl.invoke(NativeMethodAccessorImpl.java:62)
	at sun.reflect.DelegatingMethodAccessorImpl.invoke(DelegatingMethodAccessorImpl.java:43)
	at java.lang.reflect.Method.invoke(Method.java:498)
	at org.testng.internal.MethodInvocationHelper.invokeMethod(MethodInvocationHelper.java:134)
	at org.testng.internal.TestInvoker.invokeMethod(TestInvoker.java:597)
	at org.testng.internal.TestInvoker.invokeTestMethod(TestInvoker.java:173)
	at org.testng.internal.MethodRunner.runInSequence(MethodRunner.java:46)
	at org.testng.internal.TestInvoker$MethodInvocationAgent.invoke(TestInvoker.java:816)
	at org.testng.internal.TestInvoker.invokeTestMethods(TestInvoker.java:146)
	at org.testng.internal.TestMethodWorker.invokeTestMethods(TestMethodWorker.java:146)
	at org.testng.internal.TestMethodWorker.run(TestMethodWorker.java:128)
	at java.util.ArrayList.forEach(ArrayList.java:1259)
	at org.testng.TestRunner.privateRun(TestRunner.java:766)
	at org.testng.TestRunner.run(TestRunner.java:587)
	at org.testng.SuiteRunner.runTest(SuiteRunner.java:384)
	at org.testng.SuiteRunner.access$000(SuiteRunner.java:28)
	at org.testng.SuiteRunner$SuiteWorker.run(SuiteRunner.java:425)
	at org.testng.internal.thread.ThreadUtil.lambda$execute$0(ThreadUtil.java:68)
	at java.util.concurrent.FutureTask.run(FutureTask.java:266)
	at java.util.concurrent.ThreadPoolExecutor.runWorker(ThreadPoolExecutor.java:1149)
	at java.util.concurrent.ThreadPoolExecutor$Worker.run(ThreadPoolExecutor.java:624)
	at java.lang.Thread.run(Thread.java:748)
Caused by: org.openqa.selenium.NoSuchElementException: Unable to locate element: //p[text()='Henüz favori restoranınız bulunmamaktadır.']
For documentation on this error, please visit: https://www.seleniumhq.org/exceptions/no_such_element.html
Build info: version: '3.141.59', revision: 'e82be7d358', time: '2018-11-14T08:17:03'
System info: host: 'DESKTOP-6CI9B68', ip: '192.168.1.28', os.name: 'Windows 10', os.arch: 'amd64', os.version: '10.0', java.version: '1.8.0_281'
Driver info: org.openqa.selenium.firefox.FirefoxDriver
Capabilities {acceptInsecureCerts: true, browserName: firefox, browserVersion: 87.0, javascriptEnabled: true, moz:accessibilityChecks: false, moz:buildID: 20210318103112, moz:geckodriverVersion: 0.29.0, moz:headless: false, moz:processID: 10356, moz:profile: C:\Users\batur\AppData\Loca..., moz:shutdownTimeout: 60000, moz:useNonSpecCompliantPointerOrigin: false, moz:webdriverClick: true, pageLoadStrategy: normal, platform: WINDOWS, platformName: WINDOWS, platformVersion: 10.0, rotatable: false, setWindowRect: true, strictFileInteractability: false, timeouts: {implicit: 0, pageLoad: 300000, script: 30000}, unhandledPromptBehavior: dismiss and notify}
Session ID: e1ed52f9-5c22-413f-b1cd-f4e6ff02eeb5
*** Element info: {Using=xpath, value=//p[text()='Henüz favori restoranınız bulunmamaktadır.']}
	at sun.reflect.GeneratedConstructorAccessor14.newInstance(Unknown Source)
	at sun.reflect.DelegatingConstructorAccessorImpl.newInstance(DelegatingConstructorAccessorImpl.java:45)
	at java.lang.reflect.Constructor.newInstance(Constructor.java:423)
	at org.openqa.selenium.remote.http.W3CHttpResponseCodec.createException(W3CHttpResponseCodec.java:187)
	at org.openqa.selenium.remote.http.W3CHttpResponseCodec.decode(W3CHttpResponseCodec.java:122)
	at org.openqa.selenium.remote.http.W3CHttpResponseCodec.decode(W3CHttpResponseCodec.java:49)
	at org.openqa.selenium.remote.HttpCommandExecutor.execute(HttpCommandExecutor.java:158)
	at org.openqa.selenium.remote.service.DriverCommandExecutor.execute(DriverCommandExecutor.java:83)
	at org.openqa.selenium.remote.RemoteWebDriver.execute(RemoteWebDriver.java:552)
	at org.openqa.selenium.remote.RemoteWebDriver.findElement(RemoteWebDriver.java:323)
	at org.openqa.selenium.remote.RemoteWebDriver.findElementByXPath(RemoteWebDriver.java:428)
	at org.openqa.selenium.By$ByXPath.findElement(By.java:353)
	at org.openqa.selenium.remote.RemoteWebDriver.findElement(RemoteWebDriver.java:315)
	at org.openqa.selenium.support.ui.ExpectedConditions$7.apply(ExpectedConditions.java:205)
	at org.openqa.selenium.support.ui.ExpectedConditions$7.apply(ExpectedConditions.java:201)
	at org.openqa.selenium.support.ui.FluentWait.until(FluentWait.java:249)
	... 26 more
</textarea>
								
							</td>
						</tr>
					</tbody>
				</table>
			</div>
		</div>
	</li>
</ul>
					</div>
				</li>
			</ul>
		</div>
	</div>
	<!-- subview left -->
	<div class='subview-right left'>
		<div class='view-summary'>
			<div id='step-filters' class="right sr-filters">
				<a class="btn-floating waves-effect waves-light green" status="pass" alt="pass" title="pass"><i class="material-icons">check_circle</i></a>
				<a class="btn-floating waves-effect waves-light red" status="fail" alt="fail" title="fail"><i class="material-icons">cancel</i></a>
				<a class="btn-floating waves-effect waves-light red darken-4" status="fatal" alt="fatal" title="fatal"><i class="material-icons">cancel</i></a>
				<a class="btn-floating waves-effect waves-light pink text-lighten-1" status="error" alt="error" title="error"><i class="material-icons">error</i></a>
				<a class="btn-floating waves-effect waves-light orange" alt="warning" status="warning" title="warning"><i class="material-icons">warning</i></a>
				<a class="btn-floating waves-effect waves-light teal" status="skip" alt="skip" title="skip"><i class="material-icons">redo</i></a>
				<a class="btn-floating waves-effect waves-light grey" status="clear" alt="Clear filters" title="Clear filters"><i class="material-icons">clear</i></a>
			</div>
			<h5 class='test-name'></h5>
		</div>
	</div>
	<!-- subview right -->
</div>
<!-- test view --><!-- category view --><div id='exception-view' class='view hide'>
	<section id='controls'>
		<div class='controls grey lighten-4'>
			<!-- search -->
			<div class='chip transparent' alt='Search Tests' title='Search Tests'>
				<a href="#" class='search-div'>
				<i class='material-icons'>search</i> Search
				</a>
				<div class='input-field left hide'>
					<input id='search-tests' type='text' class='validate browser-default' placeholder='Search Tests...'>
				</div>
			</div>
			<!-- search -->
		</div>
	</section>
	<div class='subview-left left'>
		<div class='view-summary'>
			<ul id='exception-collection' class='exception-collection'>
				<li class='exception displayed active'>
					<div class='exception-heading'>
						<span class='exception-name'>java.lang.AssertionError</span>
						<span class='exception-count right'><span class='label red lighten-1 white-text'>2</span></span>
					</div>
					<div class='exception-content hide'>
						<div class='exception-tests'>
							<table class='bordered table-results'>
								<thead>
									<tr>
										<th>Timestamp</th>
										<th>TestName</th>
										<th>Status</th>
									</tr>
								</thead>
								<tbody>
									<tr>
										<td>Apr 12, 2021 01:20:06 PM</td>
										<td class='linked' test-id='7'>LoginTestChrome.login</td>
										<td>
											<textarea disabled class="code-block">java.lang.AssertionError: expected [Lütfen kullanıcı adınızı/e-postanızı girini.] but found [Lütfen kullanıcı adınızı/e-postanızı giriniz.]
	at org.testng.Assert.fail(Assert.java:97)
	at org.testng.Assert.assertEqualsImpl(Assert.java:136)
	at org.testng.Assert.assertEquals(Assert.java:118)
	at org.testng.Assert.assertEquals(Assert.java:575)
	at org.testng.Assert.assertEquals(Assert.java:585)
	at page.Page.warningAssertion(Page.java:60)
	at page.LoginPage.unLoginWarningAssertion(LoginPage.java:61)
	at LoginTest.login(LoginTest.java:48)
	at sun.reflect.NativeMethodAccessorImpl.invoke0(Native Method)
	at sun.reflect.NativeMethodAccessorImpl.invoke(NativeMethodAccessorImpl.java:62)
	at sun.reflect.DelegatingMethodAccessorImpl.invoke(DelegatingMethodAccessorImpl.java:43)
	at java.lang.reflect.Method.invoke(Method.java:498)
	at org.testng.internal.MethodInvocationHelper.invokeMethod(MethodInvocationHelper.java:134)
	at org.testng.internal.TestInvoker.invokeMethod(TestInvoker.java:597)
	at org.testng.internal.TestInvoker.invokeTestMethod(TestInvoker.java:173)
	at org.testng.internal.MethodRunner.runInSequence(MethodRunner.java:46)
	at org.testng.internal.TestInvoker$MethodInvocationAgent.invoke(TestInvoker.java:816)
	at org.testng.internal.TestInvoker.invokeTestMethods(TestInvoker.java:146)
	at org.testng.internal.TestMethodWorker.invokeTestMethods(TestMethodWorker.java:146)
	at org.testng.internal.TestMethodWorker.run(TestMethodWorker.java:128)
	at java.util.ArrayList.forEach(ArrayList.java:1259)
	at org.testng.TestRunner.privateRun(TestRunner.java:766)
	at org.testng.TestRunner.run(TestRunner.java:587)
	at org.testng.SuiteRunner.runTest(SuiteRunner.java:384)
	at org.testng.SuiteRunner.access$000(SuiteRunner.java:28)
	at org.testng.SuiteRunner$SuiteWorker.run(SuiteRunner.java:425)
	at org.testng.internal.thread.ThreadUtil.lambda$execute$0(ThreadUtil.java:68)
	at java.util.concurrent.FutureTask.run(FutureTask.java:266)
	at java.util.concurrent.ThreadPoolExecutor.runWorker(ThreadPoolExecutor.java:1149)
	at java.util.concurrent.ThreadPoolExecutor$Worker.run(ThreadPoolExecutor.java:624)
	at java.lang.Thread.run(Thread.java:748)
</textarea>
										</td>
									</tr>
									<tr>
										<td>Apr 12, 2021 01:20:59 PM</td>
										<td class='linked' test-id='18'>LoginTestFirefox.login</td>
										<td>
											<textarea disabled class="code-block">java.lang.AssertionError: expected [Lütfen kullanıcı adınızı/e-postanızı girini.] but found [Lütfen kullanıcı adınızı/e-postanızı giriniz.]
	at org.testng.Assert.fail(Assert.java:97)
	at org.testng.Assert.assertEqualsImpl(Assert.java:136)
	at org.testng.Assert.assertEquals(Assert.java:118)
	at org.testng.Assert.assertEquals(Assert.java:575)
	at org.testng.Assert.assertEquals(Assert.java:585)
	at page.Page.warningAssertion(Page.java:60)
	at page.LoginPage.unLoginWarningAssertion(LoginPage.java:61)
	at LoginTest.login(LoginTest.java:48)
	at sun.reflect.NativeMethodAccessorImpl.invoke0(Native Method)
	at sun.reflect.NativeMethodAccessorImpl.invoke(NativeMethodAccessorImpl.java:62)
	at sun.reflect.DelegatingMethodAccessorImpl.invoke(DelegatingMethodAccessorImpl.java:43)
	at java.lang.reflect.Method.invoke(Method.java:498)
	at org.testng.internal.MethodInvocationHelper.invokeMethod(MethodInvocationHelper.java:134)
	at org.testng.internal.TestInvoker.invokeMethod(TestInvoker.java:597)
	at org.testng.internal.TestInvoker.invokeTestMethod(TestInvoker.java:173)
	at org.testng.internal.MethodRunner.runInSequence(MethodRunner.java:46)
	at org.testng.internal.TestInvoker$MethodInvocationAgent.invoke(TestInvoker.java:816)
	at org.testng.internal.TestInvoker.invokeTestMethods(TestInvoker.java:146)
	at org.testng.internal.TestMethodWorker.invokeTestMethods(TestMethodWorker.java:146)
	at org.testng.internal.TestMethodWorker.run(TestMethodWorker.java:128)
	at java.util.ArrayList.forEach(ArrayList.java:1259)
	at org.testng.TestRunner.privateRun(TestRunner.java:766)
	at org.testng.TestRunner.run(TestRunner.java:587)
	at org.testng.SuiteRunner.runTest(SuiteRunner.java:384)
	at org.testng.SuiteRunner.access$000(SuiteRunner.java:28)
	at org.testng.SuiteRunner$SuiteWorker.run(SuiteRunner.java:425)
	at org.testng.internal.thread.ThreadUtil.lambda$execute$0(ThreadUtil.java:68)
	at java.util.concurrent.FutureTask.run(FutureTask.java:266)
	at java.util.concurrent.ThreadPoolExecutor.runWorker(ThreadPoolExecutor.java:1149)
	at java.util.concurrent.ThreadPoolExecutor$Worker.run(ThreadPoolExecutor.java:624)
	at java.lang.Thread.run(Thread.java:748)
</textarea>
										</td>
									</tr>
								</tbody>
							</table>
						</div>
					</div>
				</li>
				<li class='exception displayed active'>
					<div class='exception-heading'>
						<span class='exception-name'>org.openqa.selenium.TimeoutException</span>
						<span class='exception-count right'><span class='label red lighten-1 white-text'>2</span></span>
					</div>
					<div class='exception-content hide'>
						<div class='exception-tests'>
							<table class='bordered table-results'>
								<thead>
									<tr>
										<th>Timestamp</th>
										<th>TestName</th>
										<th>Status</th>
									</tr>
								</thead>
								<tbody>
									<tr>
										<td>Apr 12, 2021 01:20:15 PM</td>
										<td class='linked' test-id='11'>FavoriTestChrome.deleteFavorite</td>
										<td>
											<textarea disabled class="code-block">org.openqa.selenium.TimeoutException: Expected condition failed: waiting for visibility of element located by By.xpath: //p[text()='Henüz favori restoranınız bulunmamaktadır.'] (tried for 15 second(s) with 500 milliseconds interval)
	at org.openqa.selenium.support.ui.WebDriverWait.timeoutException(WebDriverWait.java:95)
	at org.openqa.selenium.support.ui.FluentWait.until(FluentWait.java:272)
	at page.Page.getText(Page.java:71)
	at page.FavoritesPage.checkNoFavoritesMessage(FavoritesPage.java:75)
	at FavoriteTest.deleteFavorite(FavoriteTest.java:49)
	at sun.reflect.NativeMethodAccessorImpl.invoke0(Native Method)
	at sun.reflect.NativeMethodAccessorImpl.invoke(NativeMethodAccessorImpl.java:62)
	at sun.reflect.DelegatingMethodAccessorImpl.invoke(DelegatingMethodAccessorImpl.java:43)
	at java.lang.reflect.Method.invoke(Method.java:498)
	at org.testng.internal.MethodInvocationHelper.invokeMethod(MethodInvocationHelper.java:134)
	at org.testng.internal.TestInvoker.invokeMethod(TestInvoker.java:597)
	at org.testng.internal.TestInvoker.invokeTestMethod(TestInvoker.java:173)
	at org.testng.internal.MethodRunner.runInSequence(MethodRunner.java:46)
	at org.testng.internal.TestInvoker$MethodInvocationAgent.invoke(TestInvoker.java:816)
	at org.testng.internal.TestInvoker.invokeTestMethods(TestInvoker.java:146)
	at org.testng.internal.TestMethodWorker.invokeTestMethods(TestMethodWorker.java:146)
	at org.testng.internal.TestMethodWorker.run(TestMethodWorker.java:128)
	at java.util.ArrayList.forEach(ArrayList.java:1259)
	at org.testng.TestRunner.privateRun(TestRunner.java:766)
	at org.testng.TestRunner.run(TestRunner.java:587)
	at org.testng.SuiteRunner.runTest(SuiteRunner.java:384)
	at org.testng.SuiteRunner.access$000(SuiteRunner.java:28)
	at org.testng.SuiteRunner$SuiteWorker.run(SuiteRunner.java:425)
	at org.testng.internal.thread.ThreadUtil.lambda$execute$0(ThreadUtil.java:68)
	at java.util.concurrent.FutureTask.run(FutureTask.java:266)
	at java.util.concurrent.ThreadPoolExecutor.runWorker(ThreadPoolExecutor.java:1149)
	at java.util.concurrent.ThreadPoolExecutor$Worker.run(ThreadPoolExecutor.java:624)
	at java.lang.Thread.run(Thread.java:748)
Caused by: org.openqa.selenium.NoSuchElementException: no such element: Unable to locate element: {"method":"xpath","selector":"//p[text()='Henüz favori restoranınız bulunmamaktadır.']"}
  (Session info: chrome=89.0.4389.114)
For documentation on this error, please visit: https://www.seleniumhq.org/exceptions/no_such_element.html
Build info: version: '3.141.59', revision: 'e82be7d358', time: '2018-11-14T08:17:03'
System info: host: 'DESKTOP-6CI9B68', ip: '192.168.1.28', os.name: 'Windows 10', os.arch: 'amd64', os.version: '10.0', java.version: '1.8.0_281'
Driver info: org.openqa.selenium.chrome.ChromeDriver
Capabilities {acceptInsecureCerts: false, browserName: chrome, browserVersion: 89.0.4389.114, chrome: {chromedriverVersion: 89.0.4389.23 (61b08ee2c5002..., userDataDir: C:\Users\batur\AppData\Loca...}, goog:chromeOptions: {debuggerAddress: localhost:63755}, javascriptEnabled: true, networkConnectionEnabled: false, pageLoadStrategy: normal, platform: WINDOWS, platformName: WINDOWS, proxy: Proxy(), setWindowRect: true, strictFileInteractability: false, timeouts: {implicit: 0, pageLoad: 300000, script: 30000}, unhandledPromptBehavior: dismiss and notify, webauthn:extension:largeBlob: true, webauthn:virtualAuthenticators: true}
Session ID: b346bbb80254861633023be471063860
*** Element info: {Using=xpath, value=//p[text()='Henüz favori restoranınız bulunmamaktadır.']}
	at sun.reflect.GeneratedConstructorAccessor14.newInstance(Unknown Source)
	at sun.reflect.DelegatingConstructorAccessorImpl.newInstance(DelegatingConstructorAccessorImpl.java:45)
	at java.lang.reflect.Constructor.newInstance(Constructor.java:423)
	at org.openqa.selenium.remote.http.W3CHttpResponseCodec.createException(W3CHttpResponseCodec.java:187)
	at org.openqa.selenium.remote.http.W3CHttpResponseCodec.decode(W3CHttpResponseCodec.java:122)
	at org.openqa.selenium.remote.http.W3CHttpResponseCodec.decode(W3CHttpResponseCodec.java:49)
	at org.openqa.selenium.remote.HttpCommandExecutor.execute(HttpCommandExecutor.java:158)
	at org.openqa.selenium.remote.service.DriverCommandExecutor.execute(DriverCommandExecutor.java:83)
	at org.openqa.selenium.remote.RemoteWebDriver.execute(RemoteWebDriver.java:552)
	at org.openqa.selenium.remote.RemoteWebDriver.findElement(RemoteWebDriver.java:323)
	at org.openqa.selenium.remote.RemoteWebDriver.findElementByXPath(RemoteWebDriver.java:428)
	at org.openqa.selenium.By$ByXPath.findElement(By.java:353)
	at org.openqa.selenium.remote.RemoteWebDriver.findElement(RemoteWebDriver.java:315)
	at org.openqa.selenium.support.ui.ExpectedConditions$7.apply(ExpectedConditions.java:205)
	at org.openqa.selenium.support.ui.ExpectedConditions$7.apply(ExpectedConditions.java:201)
	at org.openqa.selenium.support.ui.FluentWait.until(FluentWait.java:249)
	... 26 more
</textarea>
										</td>
									</tr>
									<tr>
										<td>Apr 12, 2021 01:21:40 PM</td>
										<td class='linked' test-id='24'>FavoriTestFirefox.deleteFavorite</td>
										<td>
											<textarea disabled class="code-block">org.openqa.selenium.TimeoutException: Expected condition failed: waiting for visibility of element located by By.xpath: //p[text()='Henüz favori restoranınız bulunmamaktadır.'] (tried for 15 second(s) with 500 milliseconds interval)
	at org.openqa.selenium.support.ui.WebDriverWait.timeoutException(WebDriverWait.java:95)
	at org.openqa.selenium.support.ui.FluentWait.until(FluentWait.java:272)
	at page.Page.getText(Page.java:71)
	at page.FavoritesPage.checkNoFavoritesMessage(FavoritesPage.java:75)
	at FavoriteTest.deleteFavorite(FavoriteTest.java:49)
	at sun.reflect.NativeMethodAccessorImpl.invoke0(Native Method)
	at sun.reflect.NativeMethodAccessorImpl.invoke(NativeMethodAccessorImpl.java:62)
	at sun.reflect.DelegatingMethodAccessorImpl.invoke(DelegatingMethodAccessorImpl.java:43)
	at java.lang.reflect.Method.invoke(Method.java:498)
	at org.testng.internal.MethodInvocationHelper.invokeMethod(MethodInvocationHelper.java:134)
	at org.testng.internal.TestInvoker.invokeMethod(TestInvoker.java:597)
	at org.testng.internal.TestInvoker.invokeTestMethod(TestInvoker.java:173)
	at org.testng.internal.MethodRunner.runInSequence(MethodRunner.java:46)
	at org.testng.internal.TestInvoker$MethodInvocationAgent.invoke(TestInvoker.java:816)
	at org.testng.internal.TestInvoker.invokeTestMethods(TestInvoker.java:146)
	at org.testng.internal.TestMethodWorker.invokeTestMethods(TestMethodWorker.java:146)
	at org.testng.internal.TestMethodWorker.run(TestMethodWorker.java:128)
	at java.util.ArrayList.forEach(ArrayList.java:1259)
	at org.testng.TestRunner.privateRun(TestRunner.java:766)
	at org.testng.TestRunner.run(TestRunner.java:587)
	at org.testng.SuiteRunner.runTest(SuiteRunner.java:384)
	at org.testng.SuiteRunner.access$000(SuiteRunner.java:28)
	at org.testng.SuiteRunner$SuiteWorker.run(SuiteRunner.java:425)
	at org.testng.internal.thread.ThreadUtil.lambda$execute$0(ThreadUtil.java:68)
	at java.util.concurrent.FutureTask.run(FutureTask.java:266)
	at java.util.concurrent.ThreadPoolExecutor.runWorker(ThreadPoolExecutor.java:1149)
	at java.util.concurrent.ThreadPoolExecutor$Worker.run(ThreadPoolExecutor.java:624)
	at java.lang.Thread.run(Thread.java:748)
Caused by: org.openqa.selenium.NoSuchElementException: Unable to locate element: //p[text()='Henüz favori restoranınız bulunmamaktadır.']
For documentation on this error, please visit: https://www.seleniumhq.org/exceptions/no_such_element.html
Build info: version: '3.141.59', revision: 'e82be7d358', time: '2018-11-14T08:17:03'
System info: host: 'DESKTOP-6CI9B68', ip: '192.168.1.28', os.name: 'Windows 10', os.arch: 'amd64', os.version: '10.0', java.version: '1.8.0_281'
Driver info: org.openqa.selenium.firefox.FirefoxDriver
Capabilities {acceptInsecureCerts: true, browserName: firefox, browserVersion: 87.0, javascriptEnabled: true, moz:accessibilityChecks: false, moz:buildID: 20210318103112, moz:geckodriverVersion: 0.29.0, moz:headless: false, moz:processID: 10356, moz:profile: C:\Users\batur\AppData\Loca..., moz:shutdownTimeout: 60000, moz:useNonSpecCompliantPointerOrigin: false, moz:webdriverClick: true, pageLoadStrategy: normal, platform: WINDOWS, platformName: WINDOWS, platformVersion: 10.0, rotatable: false, setWindowRect: true, strictFileInteractability: false, timeouts: {implicit: 0, pageLoad: 300000, script: 30000}, unhandledPromptBehavior: dismiss and notify}
Session ID: e1ed52f9-5c22-413f-b1cd-f4e6ff02eeb5
*** Element info: {Using=xpath, value=//p[text()='Henüz favori restoranınız bulunmamaktadır.']}
	at sun.reflect.GeneratedConstructorAccessor14.newInstance(Unknown Source)
	at sun.reflect.DelegatingConstructorAccessorImpl.newInstance(DelegatingConstructorAccessorImpl.java:45)
	at java.lang.reflect.Constructor.newInstance(Constructor.java:423)
	at org.openqa.selenium.remote.http.W3CHttpResponseCodec.createException(W3CHttpResponseCodec.java:187)
	at org.openqa.selenium.remote.http.W3CHttpResponseCodec.decode(W3CHttpResponseCodec.java:122)
	at org.openqa.selenium.remote.http.W3CHttpResponseCodec.decode(W3CHttpResponseCodec.java:49)
	at org.openqa.selenium.remote.HttpCommandExecutor.execute(HttpCommandExecutor.java:158)
	at org.openqa.selenium.remote.service.DriverCommandExecutor.execute(DriverCommandExecutor.java:83)
	at org.openqa.selenium.remote.RemoteWebDriver.execute(RemoteWebDriver.java:552)
	at org.openqa.selenium.remote.RemoteWebDriver.findElement(RemoteWebDriver.java:323)
	at org.openqa.selenium.remote.RemoteWebDriver.findElementByXPath(RemoteWebDriver.java:428)
	at org.openqa.selenium.By$ByXPath.findElement(By.java:353)
	at org.openqa.selenium.remote.RemoteWebDriver.findElement(RemoteWebDriver.java:315)
	at org.openqa.selenium.support.ui.ExpectedConditions$7.apply(ExpectedConditions.java:205)
	at org.openqa.selenium.support.ui.ExpectedConditions$7.apply(ExpectedConditions.java:201)
	at org.openqa.selenium.support.ui.FluentWait.until(FluentWait.java:249)
	... 26 more
</textarea>
										</td>
									</tr>
								</tbody>
							</table>
						</div>
					</div>
				</li>
			</ul>
		</div>
	</div>
	<div class='subview-right left'>
		<div class='view-summary'>
			<h5 class='exception-name'></h5>
		</div>
	</div>
</div>
<!-- exception view --><div id='dashboard-view' class='view hide'>
	<div class='card-panel transparent np-v'>
		<h5>Dashboard</h5>

		<div class='row'>
			<div class='col s2'>
				<div class='card-panel r'>
					Tests
					<div class='panel-lead'>4</div>
				</div>
			</div>
			<div class='col s2'>
				<div class='card-panel r'>
					Steps
					<div class='panel-lead'>20</div>
				</div>
			</div>
			<div class='col s2'>
				<div class='card-panel r'>
					Start
					<div class='panel-lead'>Apr 12, 2021 01:19:39 PM</div>
				</div>
			</div>
			<div class='col s2'>
				<div class='card-panel r'>
			 		End
			 		<div class='panel-lead'>Apr 12, 2021 01:22:23 PM</div>
				</div>
			</div>
			<div class='col s2'>
				<div class='card-panel r'>
					Time Taken
					<div class='panel-lead'>0h 2m 43s+778ms</div>
				</div>
			</div>
		</div>
	</div>
</div>
<!-- dashboard view -->
<!-- testrunner-logs view -->		</div>
		<!-- container -->
		<script>
			var statusGroup = {
                parentCount: 4,
				passParent: 0,
				failParent: 4,
				fatalParent: 0,
				errorParent: 0,
				warningParent: 0,
				skipParent: 0,
				exceptionsParent: 4,
				childCount: 20,
				passChild: 16,
				failChild: 4,
				fatalChild: 0,
				errorChild: 0,
				warningChild: 0,
				skipChild: 0,
				infoChild: 0,
				debugChild: 0,
				exceptionsChild: 4,
				grandChildCount: 0,
				passGrandChild: 0,
				failGrandChild: 0,
				fatalGrandChild: 0,
				errorGrandChild: 0,
				warningGrandChild: 0,
				skipGrandChild: 0,
				infoGrandChild: 0,
				debugGrandChild: 0,
				exceptionsGrandChild: 0,
			};
		</script>
		<script>
			var timeline = {
			        "LoginTestChrome":43.443,"FavoriTestChrome":67.744,"LoginTestFirefox":48.742,"FavoriTestFirefox":80.847
			};
		</script>
		<script src='https://cdn.rawgit.com/extent-framework/extent-github-cdn/b65cd69/v3html/js/extent.js' type='text/javascript'></script>
		<script type='text/javascript'>
		</script>
	</body>
</html>